{"timestamp":"2026-03-03T13:09:10.889Z","event":"LOGIN_SUCCESS","ip":"::1","email":"vascoupskill@gmail.com","userId":1}
{"timestamp":"2026-03-03T16:00:45.413Z","event":"LOGIN_FAILED","ip":"::1","failuresInWindow":1,"email":"teste@teste.teste"}
{"timestamp":"2026-03-03T16:01:25.408Z","event":"LOGIN_SUCCESS","ip":"::1","email":"teste@teste.teste","userId":2}
{"timestamp":"2026-03-03T16:29:32.777Z","event":"LOGIN_FAILED","ip":"::1","failuresInWindow":1,"email":"teste@teste.teste","userId":2}
{"timestamp":"2026-03-03T16:29:34.073Z","event":"LOGIN_FAILED","ip":"::1","failuresInWindow":2,"email":"teste@teste.teste","userId":2}
{"timestamp":"2026-03-03T16:29:35.192Z","event":"LOGIN_FAILED","ip":"::1","failuresInWindow":3,"email":"teste@teste.teste","userId":2}
{"timestamp":"2026-03-03T16:29:36.374Z","event":"LOGIN_FAILED","ip":"::1","failuresInWindow":4,"email":"teste@teste.teste","userId":2}
{"timestamp":"2026-03-03T16:29:37.507Z","event":"LOGIN_FAILED","ip":"::1","failuresInWindow":5,"email":"teste@teste.teste","userId":2}
{"timestamp":"2026-03-03T16:29:37.508Z","event":"LOGIN_IP_BLOCKED","ip":"::1","blockedUntil":"2026-03-03T16:44:37.506Z","blockMinutes":15}
{"timestamp":"2026-03-03T16:29:38.394Z","event":"LOGIN_BLOCKED_ATTEMPT","ip":"::1","retryAfterSec":900,"blockedUntil":"2026-03-03T16:44:37.506Z"}
{"timestamp":"2026-03-03T16:29:48.496Z","event":"LOGIN_BLOCKED_ATTEMPT","ip":"::1","retryAfterSec":890,"blockedUntil":"2026-03-03T16:44:37.506Z"}
{"timestamp":"2026-03-03T16:29:52.427Z","event":"LOGIN_BLOCKED_ATTEMPT","ip":"::1","retryAfterSec":886,"blockedUntil":"2026-03-03T16:44:37.506Z"}
{"timestamp":"2026-03-03T16:29:53.699Z","event":"LOGIN_BLOCKED_ATTEMPT","ip":"::1","retryAfterSec":884,"blockedUntil":"2026-03-03T16:44:37.506Z"}
{"timestamp":"2026-03-03T16:29:54.231Z","event":"LOGIN_BLOCKED_ATTEMPT","ip":"::1","retryAfterSec":884,"blockedUntil":"2026-03-03T16:44:37.506Z"}
{"timestamp":"2026-03-03T16:29:54.714Z","event":"LOGIN_BLOCKED_ATTEMPT","ip":"::1","retryAfterSec":883,"blockedUntil":"2026-03-03T16:44:37.506Z"}
{"timestamp":"2026-03-03T16:29:55.265Z","event":"LOGIN_BLOCKED_ATTEMPT","ip":"::1","retryAfterSec":883,"blockedUntil":"2026-03-03T16:44:37.506Z"}
{"timestamp":"2026-03-03T16:29:56.011Z","event":"LOGIN_BLOCKED_ATTEMPT","ip":"::1","retryAfterSec":882,"blockedUntil":"2026-03-03T16:44:37.506Z"}
{"timestamp":"2026-03-03T16:29:56.555Z","event":"LOGIN_BLOCKED_ATTEMPT","ip":"::1","retryAfterSec":881,"blockedUntil":"2026-03-03T16:44:37.506Z"}
{"timestamp":"2026-03-03T16:29:57.097Z","event":"LOGIN_BLOCKED_ATTEMPT","ip":"::1","retryAfterSec":881,"blockedUntil":"2026-03-03T16:44:37.506Z"}
{"timestamp":"2026-03-03T16:30:08.550Z","event":"LOGIN_BLOCKED_ATTEMPT","ip":"::1","retryAfterSec":869,"blockedUntil":"2026-03-03T16:44:37.506Z"}
{"timestamp":"2026-03-03T16:30:51.719Z","event":"LOGIN_FAILED","ip":"::1","failuresInWindow":1,"email":"teste@teste.teste","userId":2}
{"timestamp":"2026-03-03T16:30:54.521Z","event":"LOGIN_FAILED","ip":"::1","failuresInWindow":2,"email":"teste@teste.teste","userId":2}
{"timestamp":"2026-03-03T16:30:55.092Z","event":"LOGIN_FAILED","ip":"::1","failuresInWindow":3,"email":"teste@teste.teste","userId":2}
{"timestamp":"2026-03-03T16:30:55.668Z","event":"LOGIN_FAILED","ip":"::1","failuresInWindow":4,"email":"teste@teste.teste","userId":2}
{"timestamp":"2026-03-03T16:30:56.156Z","event":"LOGIN_FAILED","ip":"::1","failuresInWindow":5,"email":"teste@teste.teste","userId":2}
{"timestamp":"2026-03-03T16:30:56.156Z","event":"LOGIN_IP_BLOCKED","ip":"::1","blockedUntil":"2026-03-03T16:45:56.155Z","blockMinutes":15}
{"timestamp":"2026-03-03T16:30:56.457Z","event":"LOGIN_BLOCKED_ATTEMPT","ip":"::1","retryAfterSec":900,"blockedUntil":"2026-03-03T16:45:56.155Z"}
{"timestamp":"2026-03-03T16:32:00.826Z","event":"LOGIN_BLOCKED_ATTEMPT","ip":"::1","retryAfterSec":836,"blockedUntil":"2026-03-03T16:45:56.155Z"}
{"timestamp":"2026-03-03T16:32:01.930Z","event":"LOGIN_BLOCKED_ATTEMPT","ip":"::1","retryAfterSec":835,"blockedUntil":"2026-03-03T16:45:56.155Z"}
{"timestamp":"2026-03-03T16:32:02.491Z","event":"LOGIN_BLOCKED_ATTEMPT","ip":"::1","retryAfterSec":834,"blockedUntil":"2026-03-03T16:45:56.155Z"}
{"timestamp":"2026-03-03T16:32:06.939Z","event":"LOGIN_BLOCKED_ATTEMPT","ip":"::1","retryAfterSec":830,"blockedUntil":"2026-03-03T16:45:56.155Z"}
{"timestamp":"2026-03-03T16:32:07.433Z","event":"LOGIN_BLOCKED_ATTEMPT","ip":"::1","retryAfterSec":829,"blockedUntil":"2026-03-03T16:45:56.155Z"}
{"timestamp":"2026-03-03T16:32:07.873Z","event":"LOGIN_BLOCKED_ATTEMPT","ip":"::1","retryAfterSec":829,"blockedUntil":"2026-03-03T16:45:56.155Z"}
{"timestamp":"2026-03-03T16:32:08.234Z","event":"LOGIN_BLOCKED_ATTEMPT","ip":"::1","retryAfterSec":828,"blockedUntil":"2026-03-03T16:45:56.155Z"}
{"timestamp":"2026-03-03T16:32:08.594Z","event":"LOGIN_BLOCKED_ATTEMPT","ip":"::1","retryAfterSec":828,"blockedUntil":"2026-03-03T16:45:56.155Z"}
{"timestamp":"2026-03-03T16:32:08.939Z","event":"LOGIN_BLOCKED_ATTEMPT","ip":"::1","retryAfterSec":828,"blockedUntil":"2026-03-03T16:45:56.155Z"}
{"timestamp":"2026-03-03T16:32:14.774Z","event":"LOGIN_BLOCKED_ATTEMPT","ip":"::1","retryAfterSec":822,"blockedUntil":"2026-03-03T16:45:56.155Z"}
{"timestamp":"2026-03-03T16:33:05.068Z","event":"LOGIN_BLOCKED_ATTEMPT","ip":"::1","retryAfterSec":772,"blockedUntil":"2026-03-03T16:45:56.155Z"}
{"timestamp":"2026-03-03T16:34:26.888Z","event":"LOGIN_FAILED","ip":"::1","failuresInWindow":1,"email":"teste@teste.teste","userId":2}
{"timestamp":"2026-03-03T16:34:27.485Z","event":"LOGIN_FAILED","ip":"::1","failuresInWindow":2,"email":"teste@teste.teste","userId":2}
{"timestamp":"2026-03-03T16:34:28.052Z","event":"LOGIN_FAILED","ip":"::1","failuresInWindow":3,"email":"teste@teste.teste","userId":2}
{"timestamp":"2026-03-03T16:34:28.603Z","event":"LOGIN_FAILED","ip":"::1","failuresInWindow":4,"email":"teste@teste.teste","userId":2}
{"timestamp":"2026-03-03T16:34:29.178Z","event":"LOGIN_FAILED","ip":"::1","failuresInWindow":5,"email":"teste@teste.teste","userId":2}
{"timestamp":"2026-03-03T16:34:29.178Z","event":"LOGIN_IP_BLOCKED","ip":"::1","blockedUntil":"2026-03-03T16:49:29.177Z","blockMinutes":15}
{"timestamp":"2026-03-03T16:34:29.636Z","event":"LOGIN_BLOCKED_ATTEMPT","ip":"::1","retryAfterSec":900,"blockedUntil":"2026-03-03T16:49:29.177Z"}
{"timestamp":"2026-03-03T16:34:32.108Z","event":"LOGIN_BLOCKED_ATTEMPT","ip":"::1","retryAfterSec":898,"blockedUntil":"2026-03-03T16:49:29.177Z"}
{"timestamp":"2026-03-03T16:34:32.779Z","event":"LOGIN_BLOCKED_ATTEMPT","ip":"::1","retryAfterSec":897,"blockedUntil":"2026-03-03T16:49:29.177Z"}
{"timestamp":"2026-03-03T16:34:33.548Z","event":"LOGIN_BLOCKED_ATTEMPT","ip":"::1","retryAfterSec":896,"blockedUntil":"2026-03-03T16:49:29.177Z"}
{"timestamp":"2026-03-03T16:35:54.322Z","event":"LOGIN_FAILED","ip":"::1","failuresInWindow":1,"email":"teste@teste.teste","userId":2}
{"timestamp":"2026-03-03T16:35:54.941Z","event":"LOGIN_FAILED","ip":"::1","failuresInWindow":2,"email":"teste@teste.teste","userId":2}
{"timestamp":"2026-03-03T16:35:55.421Z","event":"LOGIN_FAILED","ip":"::1","failuresInWindow":3,"email":"teste@teste.teste","userId":2}
{"timestamp":"2026-03-03T16:35:55.909Z","event":"LOGIN_FAILED","ip":"::1","failuresInWindow":4,"email":"teste@teste.teste","userId":2}
{"timestamp":"2026-03-03T16:35:56.339Z","event":"LOGIN_FAILED","ip":"::1","failuresInWindow":5,"email":"teste@teste.teste","userId":2}
{"timestamp":"2026-03-03T16:35:56.339Z","event":"LOGIN_IP_BLOCKED","ip":"::1","blockedUntil":"2026-03-03T16:50:56.338Z","blockMinutes":15}
{"timestamp":"2026-03-03T16:35:56.621Z","event":"LOGIN_BLOCKED_ATTEMPT","ip":"::1","retryAfterSec":900,"blockedUntil":"2026-03-03T16:50:56.338Z"}
{"timestamp":"2026-03-03T16:35:58.189Z","event":"LOGIN_BLOCKED_ATTEMPT","ip":"::1","retryAfterSec":899,"blockedUntil":"2026-03-03T16:50:56.338Z"}
{"timestamp":"2026-03-03T16:35:58.885Z","event":"LOGIN_BLOCKED_ATTEMPT","ip":"::1","retryAfterSec":898,"blockedUntil":"2026-03-03T16:50:56.338Z"}
{"timestamp":"2026-03-03T16:35:59.588Z","event":"LOGIN_BLOCKED_ATTEMPT","ip":"::1","retryAfterSec":897,"blockedUntil":"2026-03-03T16:50:56.338Z"}
{"timestamp":"2026-03-03T16:36:00.173Z","event":"LOGIN_BLOCKED_ATTEMPT","ip":"::1","retryAfterSec":897,"blockedUntil":"2026-03-03T16:50:56.338Z"}
{"timestamp":"2026-03-03T16:36:01.333Z","event":"LOGIN_BLOCKED_ATTEMPT","ip":"::1","retryAfterSec":896,"blockedUntil":"2026-03-03T16:50:56.338Z"}
{"timestamp":"2026-03-03T16:36:01.884Z","event":"LOGIN_BLOCKED_ATTEMPT","ip":"::1","retryAfterSec":895,"blockedUntil":"2026-03-03T16:50:56.338Z"}
{"timestamp":"2026-03-03T16:36:12.816Z","event":"LOGIN_BLOCKED_ATTEMPT","ip":"::1","retryAfterSec":884,"blockedUntil":"2026-03-03T16:50:56.338Z"}
{"timestamp":"2026-03-03T16:36:13.613Z","event":"LOGIN_BLOCKED_ATTEMPT","ip":"::1","retryAfterSec":883,"blockedUntil":"2026-03-03T16:50:56.338Z"}
{"timestamp":"2026-03-03T16:36:18.007Z","event":"LOGIN_FAILED","ip":"::1","failuresInWindow":1,"email":"teste@teste.teste","userId":2}
{"timestamp":"2026-03-03T16:36:18.491Z","event":"LOGIN_FAILED","ip":"::1","failuresInWindow":2,"email":"teste@teste.teste","userId":2}
{"timestamp":"2026-03-03T16:36:18.927Z","event":"LOGIN_FAILED","ip":"::1","failuresInWindow":3,"email":"teste@teste.teste","userId":2}
{"timestamp":"2026-03-03T16:36:19.350Z","event":"LOGIN_FAILED","ip":"::1","failuresInWindow":4,"email":"teste@teste.teste","userId":2}
{"timestamp":"2026-03-03T16:36:19.765Z","event":"LOGIN_IP_BLOCKED","ip":"::1","blockedUntil":"2026-03-03T16:51:19.765Z","blockMinutes":15}
{"timestamp":"2026-03-03T16:36:19.766Z","event":"LOGIN_FAILED","ip":"::1","failuresInWindow":5,"email":"teste@teste.teste","userId":2}
{"timestamp":"2026-03-03T16:36:19.942Z","event":"LOGIN_BLOCKED_ATTEMPT","ip":"::1","retryAfterSec":900,"blockedUntil":"2026-03-03T16:51:19.765Z"}
{"timestamp":"2026-03-03T16:41:17.591Z","event":"LOGIN_FAILED","ip":"::1","failuresInWindow":1,"email":"etste@teas.asda"}
{"timestamp":"2026-03-03T16:41:22.548Z","event":"LOGIN_FAILED","ip":"::1","failuresInWindow":2,"email":"etste@teas.asda"}
{"timestamp":"2026-03-03T16:41:26.256Z","event":"LOGIN_FAILED","ip":"::1","failuresInWindow":3,"email":"etste@teas.asda"}
{"timestamp":"2026-03-03T16:41:29.641Z","event":"LOGIN_FAILED","ip":"::1","failuresInWindow":4,"email":"etste@teas.asda"}
{"timestamp":"2026-03-03T16:41:31.225Z","event":"LOGIN_FAILED","ip":"::1","failuresInWindow":5,"email":"etste@teas.asda"}
{"timestamp":"2026-03-03T16:41:31.225Z","event":"LOGIN_IP_BLOCKED","ip":"::1","blockedUntil":"2026-03-03T16:56:31.224Z","blockMinutes":15}
{"timestamp":"2026-03-03T16:41:33.185Z","event":"LOGIN_BLOCKED_ATTEMPT","ip":"::1","retryAfterSec":899,"blockedUntil":"2026-03-03T16:56:31.224Z"}
{"timestamp":"2026-03-03T16:41:38.410Z","event":"LOGIN_FAILED","ip":"::1","failuresInWindow":1,"email":"etste@teas.asda"}
{"timestamp":"2026-03-03T16:41:53.801Z","event":"LOGIN_FAILED","ip":"::1","failuresInWindow":2,"email":"teste@teste.teste","userId":2}
{"timestamp":"2026-03-03T16:41:57.900Z","event":"LOGIN_FAILED","ip":"::1","failuresInWindow":3,"email":"teste@teste.teste"}
{"timestamp":"2026-03-03T16:43:27.694Z","event":"LOGIN_FAILED","ip":"::1","failuresInWindow":1,"email":"teste@teste.teste"}
{"timestamp":"2026-03-03T16:43:54.766Z","event":"LOGIN_FAILED","ip":"::1","failuresInWindow":2,"email":"teste@teste.teste"}
{"timestamp":"2026-03-03T16:43:59.900Z","event":"LOGIN_FAILED","ip":"::1","failuresInWindow":3,"email":"teste@teste.teste"}
{"timestamp":"2026-03-03T16:46:17.271Z","event":"LOGIN_FAILED","ip":"::1","failuresInWindow":1,"email":"teste@teste.teste","userId":2}
{"timestamp":"2026-03-03T16:46:36.373Z","event":"LOGIN_FAILED","ip":"::1","failuresInWindow":2,"email":"teste@teste.teste","userId":2}
{"timestamp":"2026-03-03T16:46:38.177Z","event":"LOGIN_FAILED","ip":"::1","failuresInWindow":3,"email":"teste@teste.teste","userId":2}
{"timestamp":"2026-03-03T16:46:38.770Z","event":"LOGIN_FAILED","ip":"::1","failuresInWindow":4,"email":"teste@teste.teste","userId":2}
{"timestamp":"2026-03-03T16:46:39.265Z","event":"LOGIN_FAILED","ip":"::1","failuresInWindow":5,"email":"teste@teste.teste","userId":2}
{"timestamp":"2026-03-03T16:46:39.265Z","event":"LOGIN_IP_BLOCKED","ip":"::1","blockedUntil":"2026-03-03T17:01:39.264Z","blockMinutes":15}
{"timestamp":"2026-03-03T16:46:39.691Z","event":"LOGIN_BLOCKED_ATTEMPT","ip":"::1","retryAfterSec":900,"blockedUntil":"2026-03-03T17:01:39.264Z"}
{"timestamp":"2026-03-03T16:47:06.844Z","event":"LOGIN_BLOCKED_ATTEMPT","ip":"::1","retryAfterSec":873,"blockedUntil":"2026-03-03T17:01:39.264Z"}
{"timestamp":"2026-03-03T16:47:13.563Z","event":"LOGIN_FAILED","ip":"::1","failuresInWindow":1,"email":"teste@teste.tes"}
{"timestamp":"2026-03-03T16:50:07.846Z","event":"LOGIN_FAILED","ip":"::1","failuresInWindow":1,"email":"teste@teste.tes"}
{"timestamp":"2026-03-03T16:50:11.938Z","event":"LOGIN_SUCCESS","ip":"::1","email":"teste@teste.teste","userId":2}
{"timestamp":"2026-03-04T11:12:18.815Z","event":"LOGIN_SUCCESS","ip":"::1","email":"teste@teste.teste","userId":2}
{"timestamp":"2026-03-04T11:17:28.084Z","event":"LOGIN_SUCCESS","ip":"127.0.0.1","email":"rbac-user@example.com","userId":3}
{"timestamp":"2026-03-04T11:18:09.744Z","event":"LOGIN_SUCCESS","ip":"127.0.0.1","email":"idor-a@example.com","userId":4}
{"timestamp":"2026-03-04T11:18:09.985Z","event":"LOGIN_SUCCESS","ip":"127.0.0.1","email":"idor-b@example.com","userId":5}
{"timestamp":"2026-03-04T11:20:05.113Z","event":"LOGIN_SUCCESS","ip":"127.0.0.1","email":"user@example.com","userId":1}
{"timestamp":"2026-03-04T11:20:05.359Z","event":"LOGIN_SUCCESS","ip":"127.0.0.1","email":"admin@example.com","userId":2}
{"timestamp":"2026-03-04T11:20:06.066Z","event":"LOGIN_SUCCESS","ip":"127.0.0.1","email":"a@example.com","userId":3}
{"timestamp":"2026-03-04T11:20:06.288Z","event":"LOGIN_SUCCESS","ip":"127.0.0.1","email":"b@example.com","userId":4}
{"timestamp":"2026-03-04T11:26:48.494Z","event":"LOGIN_SUCCESS","ip":"::1","email":"teste@teste.teste","userId":2}
{"timestamp":"2026-03-04T11:30:43.190Z","event":"LOGIN_FAILED","ip":"::1","failuresInWindow":1,"email":"user@test.com"}
{"timestamp":"2026-03-04T11:31:02.369Z","event":"LOGIN_FAILED","ip":"::1","failuresInWindow":2,"email":"test@test.test"}
{"timestamp":"2026-03-04T11:31:30.777Z","event":"LOGIN_FAILED","ip":"::1","failuresInWindow":3,"email":"teste@teste.teste","userId":2}
{"timestamp":"2026-03-04T11:31:38.793Z","event":"LOGIN_SUCCESS","ip":"::1","email":"teste@teste.teste","userId":2}
{"timestamp":"2026-03-04T11:31:51.664Z","event":"LOGIN_SUCCESS","ip":"::1","email":"teste@teste.teste","userId":2}
{"timestamp":"2026-03-04T11:31:56.725Z","event":"LOGIN_SUCCESS","ip":"::1","email":"teste@teste.teste","userId":2}
{"timestamp":"2026-03-04T11:33:27.263Z","event":"LOGIN_SUCCESS","ip":"::1","email":"teste@teste.teste","userId":2}
{"timestamp":"2026-03-04T11:33:28.949Z","event":"LOGIN_SUCCESS","ip":"::1","email":"teste@teste.teste","userId":2}
{"timestamp":"2026-03-04T11:39:02.850Z","event":"LOGIN_SUCCESS","ip":"::1","email":"admin@teste.teste","userId":6}
{"timestamp":"2026-03-04T11:50:21.161Z","event":"LOGIN_SUCCESS","ip":"::1","email":"admin@teste.teste","userId":6}
{"timestamp":"2026-03-04T11:59:56.089Z","event":"LOGIN_SUCCESS","ip":"::1","email":"admin@teste.teste","userId":6}
{"timestamp":"2026-03-04T12:00:04.541Z","event":"LOGIN_SUCCESS","ip":"::1","email":"teste@teste.teste","userId":2}
{"timestamp":"2026-03-04T12:06:48.313Z","event":"LOGIN_SUCCESS","ip":"127.0.0.1","email":"idor-a@example.com","userId":4}
{"timestamp":"2026-03-04T12:06:48.571Z","event":"LOGIN_SUCCESS","ip":"127.0.0.1","email":"idor-b@example.com","userId":5}
{"timestamp":"2026-03-05T12:28:10.389Z","event":"LOGIN_SUCCESS","ip":"::1","email":"te***@teste.teste","userId":2}
{"timestamp":"2026-03-05T12:30:07.464Z","event":"LOGIN_SUCCESS","ip":"::1","email":"te***@teste.teste","userId":2}
{"timestamp":"2026-03-05T12:42:57.450Z","event":"LOGIN_SUCCESS","ip":"::1","email":"ad***@teste.teste","userId":6}
{"timestamp":"2026-03-05T12:45:56.364Z","event":"LOGIN_SUCCESS","ip":"::1","email":"te***@teste.teste","userId":2}
{"timestamp":"2026-03-05T12:46:05.202Z","event":"LOGIN_SUCCESS","ip":"::1","email":"te***@teste.teste","userId":2}
{"timestamp":"2026-03-05T12:49:54.172Z","event":"LOGIN_SUCCESS","ip":"::1","email":"ad***@teste.teste","userId":6}
{"timestamp":"2026-03-05T12:59:05.209Z","event":"LOGIN_SUCCESS","ip":"::1","email":"ad***@teste.teste","userId":6}
{"timestamp":"2026-03-05T13:03:28.548Z","event":"LOGIN_SUCCESS","ip":"::1","email":"te***@teste.teste","userId":2}
{"timestamp":"2026-03-05T13:05:56.819Z","event":"LOGIN_SUCCESS","ip":"::1","email":"te***@teste.teste","userId":2}
{"timestamp":"2026-03-05T13:06:42.752Z","event":"LOGIN_SUCCESS","ip":"::1","email":"ad***@teste.teste","userId":6}
{"timestamp":"2026-03-05T13:08:28.993Z","event":"LOGIN_SUCCESS","ip":"::1","email":"ad***@teste.teste","userId":6}
{"timestamp":"2026-03-05T13:08:42.573Z","event":"LOGIN_SUCCESS","ip":"::1","email":"te***@teste.teste","userId":2}
{"timestamp":"2026-03-05T13:11:22.444Z","event":"LOGIN_SUCCESS","ip":"::1","email":"te***@teste.teste","userId":2}
{"timestamp":"2026-03-09T15:52:23.068Z","event":"LOGIN_SUCCESS","ip":"::1","email":"te***@teste.teste","userId":2}
{"timestamp":"2026-03-09T15:59:13.234Z","event":"LOGIN_FAILED","ip":"::1","failuresInWindow":1,"email":"te***@teste.teste","userId":2}
{"timestamp":"2026-03-09T15:59:14.482Z","event":"LOGIN_FAILED","ip":"::1","failuresInWindow":2,"email":"te***@teste.teste","userId":2}
{"timestamp":"2026-03-09T15:59:15.491Z","event":"LOGIN_FAILED","ip":"::1","failuresInWindow":3,"email":"te***@teste.teste","userId":2}
{"timestamp":"2026-03-09T15:59:16.286Z","event":"LOGIN_FAILED","ip":"::1","failuresInWindow":4,"email":"te***@teste.teste","userId":2}
{"timestamp":"2026-03-09T15:59:16.976Z","event":"LOGIN_FAILED","ip":"::1","failuresInWindow":5,"email":"te***@teste.teste","userId":2}
{"timestamp":"2026-03-09T15:59:16.976Z","event":"LOGIN_IP_BLOCKED","ip":"::1","blockedUntil":"2026-03-09T16:14:16.975Z","blockMinutes":15}
{"timestamp":"2026-03-09T15:59:17.622Z","event":"LOGIN_BLOCKED_ATTEMPT","ip":"::1","retryAfterSec":900,"blockedUntil":"2026-03-09T16:14:16.975Z"}
{"timestamp":"2026-03-09T15:59:26.578Z","event":"LOGIN_BLOCKED_ATTEMPT","ip":"::1","retryAfterSec":891,"blockedUntil":"2026-03-09T16:14:16.975Z"}
{"timestamp":"2026-03-09T15:59:27.472Z","event":"LOGIN_BLOCKED_ATTEMPT","ip":"::1","retryAfterSec":890,"blockedUntil":"2026-03-09T16:14:16.975Z"}
{"timestamp":"2026-03-09T15:59:28.249Z","event":"LOGIN_BLOCKED_ATTEMPT","ip":"::1","retryAfterSec":889,"blockedUntil":"2026-03-09T16:14:16.975Z"}
{"timestamp":"2026-03-09T15:59:29.136Z","event":"LOGIN_BLOCKED_ATTEMPT","ip":"::1","retryAfterSec":888,"blockedUntil":"2026-03-09T16:14:16.975Z"}
{"timestamp":"2026-03-09T15:59:30.138Z","event":"LOGIN_BLOCKED_ATTEMPT","ip":"::1","retryAfterSec":887,"blockedUntil":"2026-03-09T16:14:16.975Z"}
{"timestamp":"2026-03-09T15:59:31.072Z","event":"LOGIN_BLOCKED_ATTEMPT","ip":"::1","retryAfterSec":886,"blockedUntil":"2026-03-09T16:14:16.975Z"}
{"timestamp":"2026-03-09T15:59:32.202Z","event":"LOGIN_BLOCKED_ATTEMPT","ip":"::1","retryAfterSec":885,"blockedUntil":"2026-03-09T16:14:16.975Z"}
{"timestamp":"2026-03-09T15:59:32.755Z","event":"LOGIN_BLOCKED_ATTEMPT","ip":"::1","retryAfterSec":885,"blockedUntil":"2026-03-09T16:14:16.975Z"}
{"timestamp":"2026-03-09T15:59:33.619Z","event":"LOGIN_BLOCKED_ATTEMPT","ip":"::1","retryAfterSec":884,"blockedUntil":"2026-03-09T16:14:16.975Z"}
{"timestamp":"2026-03-09T15:59:49.311Z","event":"LOGIN_BLOCKED_ATTEMPT","ip":"::1","retryAfterSec":868,"blockedUntil":"2026-03-09T16:14:16.975Z"}
{"timestamp":"2026-03-09T15:59:55.987Z","event":"LOGIN_BLOCKED_ATTEMPT","ip":"::1","retryAfterSec":861,"blockedUntil":"2026-03-09T16:14:16.975Z"}
{"timestamp":"2026-03-09T15:59:56.917Z","event":"LOGIN_BLOCKED_ATTEMPT","ip":"::1","retryAfterSec":861,"blockedUntil":"2026-03-09T16:14:16.975Z"}
{"timestamp":"2026-03-09T16:00:00.156Z","event":"LOGIN_BLOCKED_ATTEMPT","ip":"::1","retryAfterSec":857,"blockedUntil":"2026-03-09T16:14:16.975Z"}
{"timestamp":"2026-03-09T16:00:00.777Z","event":"LOGIN_BLOCKED_ATTEMPT","ip":"::1","retryAfterSec":857,"blockedUntil":"2026-03-09T16:14:16.975Z"}
{"timestamp":"2026-03-09T16:00:25.513Z","event":"LOGIN_SUCCESS","ip":"::1","email":"te***@teste.teste","userId":2}
{"timestamp":"2026-03-09T16:02:07.505Z","event":"LOGIN_SUCCESS","ip":"::1","email":"te***@teste.teste","userId":2}
{"timestamp":"2026-03-09T16:02:11.370Z","event":"LOGIN_SUCCESS","ip":"::1","email":"ad***@teste.teste","userId":6}
{"timestamp":"2026-03-09T16:04:40.749Z","event":"LOGIN_SUCCESS","ip":"::1","email":"te***@teste.teste","userId":2}
{"timestamp":"2026-03-09T16:05:10.755Z","event":"LOGIN_SUCCESS","ip":"::1","email":"ad***@teste.teste","userId":6}
{"timestamp":"2026-03-09T16:07:23.525Z","event":"LOGIN_SUCCESS","ip":"::1","email":"te***@teste.teste","userId":2}
{"timestamp":"2026-03-09T16:10:20.056Z","event":"LOGIN_SUCCESS","ip":"::1","email":"ad***@teste.teste","userId":6}
{"timestamp":"2026-03-09T16:10:42.868Z","event":"LOGIN_SUCCESS","ip":"::1","email":"te***@teste.teste","userId":2}
{"timestamp":"2026-03-09T16:14:56.578Z","event":"LOGIN_SUCCESS","ip":"::1","email":"te***@teste.teste","userId":2}
{"timestamp":"2026-03-09T16:17:43.924Z","event":"LOGIN_SUCCESS","ip":"::1","email":"te***@teste.teste","userId":2}
{"timestamp":"2026-03-09T16:18:24.148Z","event":"LOGIN_SUCCESS","ip":"::1","email":"ad***@teste.teste","userId":6}
{"timestamp":"2026-03-09T16:22:58.986Z","event":"LOGIN_SUCCESS","ip":"::1","email":"te***@teste.teste","userId":2}
{"timestamp":"2026-03-09T16:23:16.215Z","event":"LOGIN_SUCCESS","ip":"::1","email":"ad***@teste.teste","userId":6}
{"timestamp":"2026-03-09T16:26:52.776Z","event":"LOGIN_SUCCESS","ip":"::1","email":"te***@teste.teste","userId":2}
{"timestamp":"2026-03-09T16:28:43.974Z","event":"LOGIN_SUCCESS","ip":"::1","email":"te***@teste.teste","userId":2}
{"timestamp":"2026-03-09T16:29:20.109Z","event":"LOGIN_SUCCESS","ip":"::1","email":"te***@teste.teste","userId":2}
{"timestamp":"2026-03-09T16:29:51.979Z","event":"LOGIN_SUCCESS","ip":"::1","email":"te***@teste.teste","userId":2}
{"timestamp":"2026-03-09T16:30:31.743Z","event":"LOGIN_SUCCESS","ip":"::1","email":"te***@teste.teste","userId":2}
{"timestamp":"2026-03-09T16:30:32.724Z","event":"LOGIN_SUCCESS","ip":"::1","email":"te***@teste.teste","userId":2}
{"timestamp":"2026-03-09T16:30:33.580Z","event":"LOGIN_SUCCESS","ip":"::1","email":"te***@teste.teste","userId":2}
{"timestamp":"2026-03-09T16:30:34.391Z","event":"LOGIN_SUCCESS","ip":"::1","email":"te***@teste.teste","userId":2}
{"timestamp":"2026-03-09T16:30:35.133Z","event":"LOGIN_SUCCESS","ip":"::1","email":"te***@teste.teste","userId":2}
{"timestamp":"2026-03-09T16:30:35.891Z","event":"LOGIN_SUCCESS","ip":"::1","email":"te***@teste.teste","userId":2}
{"timestamp":"2026-03-09T16:30:37.560Z","event":"LOGIN_SUCCESS","ip":"::1","email":"te***@teste.teste","userId":2}
{"timestamp":"2026-03-09T16:30:38.386Z","event":"LOGIN_SUCCESS","ip":"::1","email":"te***@teste.teste","userId":2}
{"timestamp":"2026-03-09T16:30:39.274Z","event":"LOGIN_SUCCESS","ip":"::1","email":"te***@teste.teste","userId":2}
{"timestamp":"2026-03-09T16:30:40.133Z","event":"LOGIN_SUCCESS","ip":"::1","email":"te***@teste.teste","userId":2}
{"timestamp":"2026-03-09T16:31:26.278Z","event":"LOGIN_SUCCESS","ip":"::1","email":"te***@teste.teste","userId":2}
{"timestamp":"2026-03-09T16:31:48.717Z","event":"LOGIN_SUCCESS","ip":"::1","email":"te***@teste.teste","userId":2}
{"timestamp":"2026-03-09T16:31:53.993Z","event":"LOGIN_SUCCESS","ip":"::1","email":"te***@teste.teste","userId":2}
{"timestamp":"2026-03-09T16:33:18.393Z","event":"LOGIN_SUCCESS","ip":"::1","email":"te***@teste.teste","userId":2}
{"timestamp":"2026-03-09T16:34:07.019Z","event":"LOGIN_SUCCESS","ip":"::1","email":"te***@teste.teste","userId":2}
{"timestamp":"2026-03-09T16:34:56.347Z","event":"LOGIN_SUCCESS","ip":"::1","email":"te***@teste.teste","userId":2}
{"timestamp":"2026-03-09T16:35:07.609Z","event":"LOGIN_SUCCESS","ip":"::1","email":"te***@teste.teste","userId":2}
{"timestamp":"2026-03-09T16:35:55.550Z","event":"LOGIN_SUCCESS","ip":"::1","email":"te***@teste.teste","userId":2}
{"timestamp":"2026-03-09T16:36:25.137Z","event":"LOGIN_SUCCESS","ip":"::1","email":"te***@teste.teste","userId":2}
{"timestamp":"2026-03-09T16:43:35.721Z","event":"LOGIN_SUCCESS","ip":"::1","email":"te***@teste.teste","userId":2}
{"timestamp":"2026-03-09T16:45:38.952Z","event":"LOGIN_SUCCESS","ip":"::1","email":"te***@teste.teste","userId":2}
{"timestamp":"2026-03-09T16:46:35.966Z","event":"LOGIN_SUCCESS","ip":"::1","email":"te***@teste.teste","userId":2}
{"timestamp":"2026-03-09T16:46:53.677Z","event":"LOGIN_SUCCESS","ip":"::1","email":"te***@teste.teste","userId":2}
{"timestamp":"2026-03-09T16:47:27.256Z","event":"LOGIN_SUCCESS","ip":"::1","email":"te***@teste.teste","userId":2}
{"timestamp":"2026-03-09T16:47:47.787Z","event":"LOGIN_SUCCESS","ip":"::1","email":"te***@teste.teste","userId":2}
{"timestamp":"2026-03-09T16:48:09.148Z","event":"LOGIN_SUCCESS","ip":"::1","email":"te***@teste.teste","userId":2}
{"timestamp":"2026-03-09T16:48:33.842Z","event":"LOGIN_SUCCESS","ip":"::1","email":"te***@teste.teste","userId":2}
{"timestamp":"2026-03-09T16:52:13.986Z","event":"LOGIN_SUCCESS","ip":"::1","email":"te***@teste.teste","userId":2}
{"timestamp":"2026-03-09T16:54:49.043Z","event":"LOGIN_SUCCESS","ip":"::1","email":"te***@teste.teste","userId":2}
{"timestamp":"2026-03-09T17:06:05.856Z","event":"LOGIN_SUCCESS","ip":"::1","email":"te***@teste.teste","userId":2}
{"timestamp":"2026-03-09T17:06:08.526Z","event":"LOGIN_FAILED","ip":"::1","failuresInWindow":1,"email":"te***@teste.teste","userId":2}
